[03-Jan-2019 09:10:03 PRC] PHP Deprecated:  mysql_connect(): The mysql extension is deprecated and will be removed in the future: use mysqli or PDO instead in /ext-ftp/h/hzyuser12/wwwroot/2/conn.php on line 2
[03-Jan-2019 09:10:03 PRC] PHP Warning:  mysql_connect(): Access denied for user 'root'@'localhost' (using password: NO) in /ext-ftp/h/hzyuser12/wwwroot/2/conn.php on line 2
[03-Jan-2019 10:25:05 PRC] PHP Deprecated:  mysql_connect(): The mysql extension is deprecated and will be removed in the future: use mysqli or PDO instead in /ext-ftp/h/hzyuser12/wwwroot/2/conn.php on line 2
[03-Jan-2019 10:25:05 PRC] PHP Warning:  mysql_fetch_row() expects parameter 1 to be resource, boolean given in /ext-ftp/h/hzyuser12/wwwroot/2/index.php on line 110
[03-Jan-2019 10:25:05 PRC] PHP Warning:  mysql_fetch_row() expects parameter 1 to be resource, boolean given in /ext-ftp/h/hzyuser12/wwwroot/2/index.php on line 122
[03-Jan-2019 10:26:27 PRC] PHP Deprecated:  mysql_connect(): The mysql extension is deprecated and will be removed in the future: use mysqli or PDO instead in /ext-ftp/h/hzyuser12/wwwroot/2/conn.php on line 2
[03-Jan-2019 10:26:27 PRC] PHP Warning:  mysql_fetch_row() expects parameter 1 to be resource, boolean given in /ext-ftp/h/hzyuser12/wwwroot/2/index.php on line 110
[03-Jan-2019 10:26:27 PRC] PHP Warning:  mysql_fetch_row() expects parameter 1 to be resource, boolean given in /ext-ftp/h/hzyuser12/wwwroot/2/index.php on line 122
[03-Jan-2019 10:26:33 PRC] PHP Deprecated:  mysql_connect(): The mysql extension is deprecated and will be removed in the future: use mysqli or PDO instead in /ext-ftp/h/hzyuser12/wwwroot/2/conn.php on line 2
[03-Jan-2019 10:26:33 PRC] PHP Warning:  mysql_fetch_row() expects parameter 1 to be resource, boolean given in /ext-ftp/h/hzyuser12/wwwroot/2/index.php on line 110
[03-Jan-2019 10:26:33 PRC] PHP Warning:  mysql_fetch_row() expects parameter 1 to be resource, boolean given in /ext-ftp/h/hzyuser12/wwwroot/2/index.php on line 122
[03-Jan-2019 10:26:55 PRC] PHP Deprecated:  mysql_connect(): The mysql extension is deprecated and will be removed in the future: use mysqli or PDO instead in /ext-ftp/h/hzyuser12/wwwroot/2/conn.php on line 2
[03-Jan-2019 10:26:55 PRC] PHP Warning:  mysql_fetch_row() expects parameter 1 to be resource, boolean given in /ext-ftp/h/hzyuser12/wwwroot/2/add1.php on line 108
[03-Jan-2019 10:27:01 PRC] PHP Deprecated:  mysql_connect(): The mysql extension is deprecated and will be removed in the future: use mysqli or PDO instead in /ext-ftp/h/hzyuser12/wwwroot/2/conn.php on line 2
[03-Jan-2019 10:27:01 PRC] PHP Warning:  mysql_fetch_row() expects parameter 1 to be resource, boolean given in /ext-ftp/h/hzyuser12/wwwroot/2/index.php on line 110
[03-Jan-2019 10:27:01 PRC] PHP Warning:  mysql_fetch_row() expects parameter 1 to be resource, boolean given in /ext-ftp/h/hzyuser12/wwwroot/2/index.php on line 122
[03-Jan-2019 10:27:03 PRC] PHP Deprecated:  mysql_connect(): The mysql extension is deprecated and will be removed in the future: use mysqli or PDO instead in /ext-ftp/h/hzyuser12/wwwroot/2/conn.php on line 2
[03-Jan-2019 10:27:03 PRC] PHP Warning:  mysql_fetch_row() expects parameter 1 to be resource, boolean given in /ext-ftp/h/hzyuser12/wwwroot/2/add1.php on line 108
[03-Jan-2019 10:32:59 PRC] PHP Deprecated:  mysql_connect(): The mysql extension is deprecated and will be removed in the future: use mysqli or PDO instead in /ext-ftp/h/hzyuser12/wwwroot/2/conn.php on line 2
[03-Jan-2019 10:33:18 PRC] PHP Deprecated:  mysql_connect(): The mysql extension is deprecated and will be removed in the future: use mysqli or PDO instead in /ext-ftp/h/hzyuser12/wwwroot/2/conn.php on line 2
[03-Jan-2019 10:33:30 PRC] PHP Deprecated:  mysql_connect(): The mysql extension is deprecated and will be removed in the future: use mysqli or PDO instead in /ext-ftp/h/hzyuser12/wwwroot/2/conn.php on line 2
[03-Jan-2019 10:34:47 PRC] PHP Deprecated:  mysql_connect(): The mysql extension is deprecated and will be removed in the future: use mysqli or PDO instead in /ext-ftp/h/hzyuser12/wwwroot/2/conn.php on line 2
[03-Jan-2019 10:34:55 PRC] PHP Deprecated:  mysql_connect(): The mysql extension is deprecated and will be removed in the future: use mysqli or PDO instead in /ext-ftp/h/hzyuser12/wwwroot/2/conn.php on line 2
[03-Jan-2019 10:36:35 PRC] PHP Deprecated:  mysql_connect(): The mysql extension is deprecated and will be removed in the future: use mysqli or PDO instead in /ext-ftp/h/hzyuser12/wwwroot/2/conn.php on line 2
[03-Jan-2019 10:46:34 PRC] PHP Deprecated:  mysql_connect(): The mysql extension is deprecated and will be removed in the future: use mysqli or PDO instead in /ext-ftp/h/hzyuser12/wwwroot/2/conn.php on line 2
[03-Jan-2019 10:47:01 PRC] PHP Deprecated:  mysql_connect(): The mysql extension is deprecated and will be removed in the future: use mysqli or PDO instead in /ext-ftp/h/hzyuser12/wwwroot/2/conn.php on line 2
[03-Jan-2019 10:47:28 PRC] PHP Deprecated:  mysql_connect(): The mysql extension is deprecated and will be removed in the future: use mysqli or PDO instead in /ext-ftp/h/hzyuser12/wwwroot/2/conn.php on line 2
[03-Jan-2019 10:48:09 PRC] PHP Deprecated:  mysql_connect(): The mysql extension is deprecated and will be removed in the future: use mysqli or PDO instead in /ext-ftp/h/hzyuser12/wwwroot/2/conn.php on line 2
[03-Jan-2019 10:49:33 PRC] PHP Deprecated:  mysql_connect(): The mysql extension is deprecated and will be removed in the future: use mysqli or PDO instead in /ext-ftp/h/hzyuser12/wwwroot/2/conn.php on line 2
[03-Jan-2019 10:49:49 PRC] PHP Deprecated:  mysql_connect(): The mysql extension is deprecated and will be removed in the future: use mysqli or PDO instead in /ext-ftp/h/hzyuser12/wwwroot/2/conn.php on line 2
[03-Jan-2019 10:50:57 PRC] PHP Deprecated:  mysql_connect(): The mysql extension is deprecated and will be removed in the future: use mysqli or PDO instead in /ext-ftp/h/hzyuser12/wwwroot/2/conn.php on line 2
[03-Jan-2019 10:52:32 PRC] PHP Deprecated:  mysql_connect(): The mysql extension is deprecated and will be removed in the future: use mysqli or PDO instead in /ext-ftp/h/hzyuser12/wwwroot/2/conn.php on line 2
[03-Jan-2019 10:52:32 PRC] PHP Deprecated:  mysql_connect(): The mysql extension is deprecated and will be removed in the future: use mysqli or PDO instead in /ext-ftp/h/hzyuser12/wwwroot/2/conn.php on line 2
[03-Jan-2019 10:52:32 PRC] PHP Deprecated:  mysql_connect(): The mysql extension is deprecated and will be removed in the future: use mysqli or PDO instead in /ext-ftp/h/hzyuser12/wwwroot/2/conn.php on line 2
[03-Jan-2019 10:52:33 PRC] PHP Deprecated:  mysql_connect(): The mysql extension is deprecated and will be removed in the future: use mysqli or PDO instead in /ext-ftp/h/hzyuser12/wwwroot/2/conn.php on line 2
[03-Jan-2019 10:52:34 PRC] PHP Deprecated:  mysql_connect(): The mysql extension is deprecated and will be removed in the future: use mysqli or PDO instead in /ext-ftp/h/hzyuser12/wwwroot/2/conn.php on line 2
[03-Jan-2019 10:52:34 PRC] PHP Deprecated:  mysql_connect(): The mysql extension is deprecated and will be removed in the future: use mysqli or PDO instead in /ext-ftp/h/hzyuser12/wwwroot/2/conn.php on line 2
[03-Jan-2019 10:52:34 PRC] PHP Deprecated:  mysql_connect(): The mysql extension is deprecated and will be removed in the future: use mysqli or PDO instead in /ext-ftp/h/hzyuser12/wwwroot/2/conn.php on line 2
[03-Jan-2019 10:52:35 PRC] PHP Deprecated:  mysql_connect(): The mysql extension is deprecated and will be removed in the future: use mysqli or PDO instead in /ext-ftp/h/hzyuser12/wwwroot/2/conn.php on line 2
[03-Jan-2019 10:52:40 PRC] PHP Deprecated:  mysql_connect(): The mysql extension is deprecated and will be removed in the future: use mysqli or PDO instead in /ext-ftp/h/hzyuser12/wwwroot/2/conn.php on line 2
[03-Jan-2019 10:52:40 PRC] PHP Deprecated:  mysql_connect(): The mysql extension is deprecated and will be removed in the future: use mysqli or PDO instead in /ext-ftp/h/hzyuser12/wwwroot/2/conn.php on line 2
[03-Jan-2019 10:52:40 PRC] PHP Deprecated:  mysql_connect(): The mysql extension is deprecated and will be removed in the future: use mysqli or PDO instead in /ext-ftp/h/hzyuser12/wwwroot/2/conn.php on line 2
[03-Jan-2019 10:52:40 PRC] PHP Deprecated:  mysql_connect(): The mysql extension is deprecated and will be removed in the future: use mysqli or PDO instead in /ext-ftp/h/hzyuser12/wwwroot/2/conn.php on line 2
[03-Jan-2019 10:52:48 PRC] PHP Deprecated:  mysql_connect(): The mysql extension is deprecated and will be removed in the future: use mysqli or PDO instead in /ext-ftp/h/hzyuser12/wwwroot/2/conn.php on line 2
[03-Jan-2019 10:52:48 PRC] PHP Deprecated:  mysql_connect(): The mysql extension is deprecated and will be removed in the future: use mysqli or PDO instead in /ext-ftp/h/hzyuser12/wwwroot/2/conn.php on line 2
[03-Jan-2019 10:52:48 PRC] PHP Deprecated:  mysql_connect(): The mysql extension is deprecated and will be removed in the future: use mysqli or PDO instead in /ext-ftp/h/hzyuser12/wwwroot/2/conn.php on line 2
[03-Jan-2019 10:52:48 PRC] PHP Deprecated:  mysql_connect(): The mysql extension is deprecated and will be removed in the future: use mysqli or PDO instead in /ext-ftp/h/hzyuser12/wwwroot/2/conn.php on line 2
[03-Jan-2019 10:52:49 PRC] PHP Deprecated:  mysql_connect(): The mysql extension is deprecated and will be removed in the future: use mysqli or PDO instead in /ext-ftp/h/hzyuser12/wwwroot/2/conn.php on line 2
[03-Jan-2019 10:52:49 PRC] PHP Deprecated:  mysql_connect(): The mysql extension is deprecated and will be removed in the future: use mysqli or PDO instead in /ext-ftp/h/hzyuser12/wwwroot/2/conn.php on line 2
[03-Jan-2019 10:52:55 PRC] PHP Deprecated:  mysql_connect(): The mysql extension is deprecated and will be removed in the future: use mysqli or PDO instead in /ext-ftp/h/hzyuser12/wwwroot/2/conn.php on line 2
[03-Jan-2019 10:53:06 PRC] PHP Deprecated:  mysql_connect(): The mysql extension is deprecated and will be removed in the future: use mysqli or PDO instead in /ext-ftp/h/hzyuser12/wwwroot/2/conn.php on line 2
[03-Jan-2019 10:53:33 PRC] PHP Deprecated:  mysql_connect(): The mysql extension is deprecated and will be removed in the future: use mysqli or PDO instead in /ext-ftp/h/hzyuser12/wwwroot/2/conn.php on line 2
[03-Jan-2019 10:53:34 PRC] PHP Deprecated:  mysql_connect(): The mysql extension is deprecated and will be removed in the future: use mysqli or PDO instead in /ext-ftp/h/hzyuser12/wwwroot/2/conn.php on line 2
[03-Jan-2019 10:55:00 PRC] PHP Deprecated:  mysql_connect(): The mysql extension is deprecated and will be removed in the future: use mysqli or PDO instead in /ext-ftp/h/hzyuser12/wwwroot/2/conn.php on line 2
[03-Jan-2019 10:58:03 PRC] PHP Deprecated:  mysql_connect(): The mysql extension is deprecated and will be removed in the future: use mysqli or PDO instead in /ext-ftp/h/hzyuser12/wwwroot/2/conn.php on line 2
[03-Jan-2019 10:58:03 PRC] PHP Deprecated:  mysql_connect(): The mysql extension is deprecated and will be removed in the future: use mysqli or PDO instead in /ext-ftp/h/hzyuser12/wwwroot/2/conn.php on line 2
[03-Jan-2019 10:58:03 PRC] PHP Deprecated:  mysql_connect(): The mysql extension is deprecated and will be removed in the future: use mysqli or PDO instead in /ext-ftp/h/hzyuser12/wwwroot/2/conn.php on line 2
[03-Jan-2019 10:58:03 PRC] PHP Deprecated:  mysql_connect(): The mysql extension is deprecated and will be removed in the future: use mysqli or PDO instead in /ext-ftp/h/hzyuser12/wwwroot/2/conn.php on line 2
[03-Jan-2019 10:58:03 PRC] PHP Deprecated:  mysql_connect(): The mysql extension is deprecated and will be removed in the future: use mysqli or PDO instead in /ext-ftp/h/hzyuser12/wwwroot/2/conn.php on line 2
[03-Jan-2019 10:58:03 PRC] PHP Deprecated:  mysql_connect(): The mysql extension is deprecated and will be removed in the future: use mysqli or PDO instead in /ext-ftp/h/hzyuser12/wwwroot/2/conn.php on line 2
[03-Jan-2019 10:58:04 PRC] PHP Deprecated:  mysql_connect(): The mysql extension is deprecated and will be removed in the future: use mysqli or PDO instead in /ext-ftp/h/hzyuser12/wwwroot/2/conn.php on line 2
[03-Jan-2019 10:58:04 PRC] PHP Deprecated:  mysql_connect(): The mysql extension is deprecated and will be removed in the future: use mysqli or PDO instead in /ext-ftp/h/hzyuser12/wwwroot/2/conn.php on line 2
[03-Jan-2019 10:58:58 PRC] PHP Deprecated:  mysql_connect(): The mysql extension is deprecated and will be removed in the future: use mysqli or PDO instead in /ext-ftp/h/hzyuser12/wwwroot/2/conn.php on line 2
[03-Jan-2019 10:59:28 PRC] PHP Deprecated:  mysql_connect(): The mysql extension is deprecated and will be removed in the future: use mysqli or PDO instead in /ext-ftp/h/hzyuser12/wwwroot/2/conn.php on line 2
[03-Jan-2019 10:59:44 PRC] PHP Deprecated:  mysql_connect(): The mysql extension is deprecated and will be removed in the future: use mysqli or PDO instead in /ext-ftp/h/hzyuser12/wwwroot/2/conn.php on line 2
[03-Jan-2019 10:59:51 PRC] PHP Deprecated:  mysql_connect(): The mysql extension is deprecated and will be removed in the future: use mysqli or PDO instead in /ext-ftp/h/hzyuser12/wwwroot/2/conn.php on line 2
[03-Jan-2019 11:13:45 PRC] PHP Deprecated:  mysql_connect(): The mysql extension is deprecated and will be removed in the future: use mysqli or PDO instead in /ext-ftp/h/hzyuser12/wwwroot/2/conn.php on line 2
[03-Jan-2019 11:13:49 PRC] PHP Deprecated:  mysql_connect(): The mysql extension is deprecated and will be removed in the future: use mysqli or PDO instead in /ext-ftp/h/hzyuser12/wwwroot/2/conn.php on line 2
[03-Jan-2019 11:14:01 PRC] PHP Deprecated:  mysql_connect(): The mysql extension is deprecated and will be removed in the future: use mysqli or PDO instead in /ext-ftp/h/hzyuser12/wwwroot/2/conn.php on line 2
[03-Jan-2019 11:14:44 PRC] PHP Deprecated:  mysql_connect(): The mysql extension is deprecated and will be removed in the future: use mysqli or PDO instead in /ext-ftp/h/hzyuser12/wwwroot/2/conn.php on line 2
[03-Jan-2019 11:15:22 PRC] PHP Deprecated:  mysql_connect(): The mysql extension is deprecated and will be removed in the future: use mysqli or PDO instead in /ext-ftp/h/hzyuser12/wwwroot/2/conn.php on line 2
[03-Jan-2019 11:15:26 PRC] PHP Deprecated:  mysql_connect(): The mysql extension is deprecated and will be removed in the future: use mysqli or PDO instead in /ext-ftp/h/hzyuser12/wwwroot/2/conn.php on line 2
[03-Jan-2019 11:16:22 PRC] PHP Deprecated:  mysql_connect(): The mysql extension is deprecated and will be removed in the future: use mysqli or PDO instead in /ext-ftp/h/hzyuser12/wwwroot/2/conn.php on line 2
[03-Jan-2019 11:16:26 PRC] PHP Deprecated:  mysql_connect(): The mysql extension is deprecated and will be removed in the future: use mysqli or PDO instead in /ext-ftp/h/hzyuser12/wwwroot/2/conn.php on line 2
[03-Jan-2019 11:19:29 PRC] PHP Deprecated:  mysql_connect(): The mysql extension is deprecated and will be removed in the future: use mysqli or PDO instead in /ext-ftp/h/hzyuser12/wwwroot/2/conn.php on line 2
[03-Jan-2019 11:19:50 PRC] PHP Deprecated:  mysql_connect(): The mysql extension is deprecated and will be removed in the future: use mysqli or PDO instead in /ext-ftp/h/hzyuser12/wwwroot/2/conn.php on line 2
[03-Jan-2019 11:19:50 PRC] PHP Deprecated:  mysql_connect(): The mysql extension is deprecated and will be removed in the future: use mysqli or PDO instead in /ext-ftp/h/hzyuser12/wwwroot/2/conn.php on line 2
[03-Jan-2019 11:20:17 PRC] PHP Deprecated:  mysql_connect(): The mysql extension is deprecated and will be removed in the future: use mysqli or PDO instead in /ext-ftp/h/hzyuser12/wwwroot/2/conn.php on line 2
[03-Jan-2019 11:20:59 PRC] PHP Deprecated:  mysql_connect(): The mysql extension is deprecated and will be removed in the future: use mysqli or PDO instead in /ext-ftp/h/hzyuser12/wwwroot/2/conn.php on line 2
[03-Jan-2019 11:21:13 PRC] PHP Deprecated:  mysql_connect(): The mysql extension is deprecated and will be removed in the future: use mysqli or PDO instead in /ext-ftp/h/hzyuser12/wwwroot/2/conn.php on line 2
[03-Jan-2019 11:21:16 PRC] PHP Deprecated:  mysql_connect(): The mysql extension is deprecated and will be removed in the future: use mysqli or PDO instead in /ext-ftp/h/hzyuser12/wwwroot/2/conn.php on line 2
[03-Jan-2019 11:21:28 PRC] PHP Deprecated:  mysql_connect(): The mysql extension is deprecated and will be removed in the future: use mysqli or PDO instead in /ext-ftp/h/hzyuser12/wwwroot/2/conn.php on line 2
[03-Jan-2019 11:21:53 PRC] PHP Deprecated:  mysql_connect(): The mysql extension is deprecated and will be removed in the future: use mysqli or PDO instead in /ext-ftp/h/hzyuser12/wwwroot/2/conn.php on line 2
[03-Jan-2019 11:22:19 PRC] PHP Deprecated:  mysql_connect(): The mysql extension is deprecated and will be removed in the future: use mysqli or PDO instead in /ext-ftp/h/hzyuser12/wwwroot/2/conn.php on line 2
[03-Jan-2019 11:22:19 PRC] PHP Deprecated:  mysql_connect(): The mysql extension is deprecated and will be removed in the future: use mysqli or PDO instead in /ext-ftp/h/hzyuser12/wwwroot/2/conn.php on line 2
[03-Jan-2019 11:22:33 PRC] PHP Deprecated:  mysql_connect(): The mysql extension is deprecated and will be removed in the future: use mysqli or PDO instead in /ext-ftp/h/hzyuser12/wwwroot/2/conn.php on line 2
[03-Jan-2019 11:22:48 PRC] PHP Deprecated:  mysql_connect(): The mysql extension is deprecated and will be removed in the future: use mysqli or PDO instead in /ext-ftp/h/hzyuser12/wwwroot/2/conn.php on line 2
[03-Jan-2019 11:22:55 PRC] PHP Deprecated:  mysql_connect(): The mysql extension is deprecated and will be removed in the future: use mysqli or PDO instead in /ext-ftp/h/hzyuser12/wwwroot/2/conn.php on line 2
[03-Jan-2019 11:23:27 PRC] PHP Deprecated:  mysql_connect(): The mysql extension is deprecated and will be removed in the future: use mysqli or PDO instead in /ext-ftp/h/hzyuser12/wwwroot/2/conn.php on line 2
[03-Jan-2019 11:23:27 PRC] PHP Deprecated:  mysql_connect(): The mysql extension is deprecated and will be removed in the future: use mysqli or PDO instead in /ext-ftp/h/hzyuser12/wwwroot/2/conn.php on line 2
[03-Jan-2019 11:23:35 PRC] PHP Deprecated:  mysql_connect(): The mysql extension is deprecated and will be removed in the future: use mysqli or PDO instead in /ext-ftp/h/hzyuser12/wwwroot/2/conn.php on line 2
[03-Jan-2019 11:23:35 PRC] PHP Deprecated:  mysql_connect(): The mysql extension is deprecated and will be removed in the future: use mysqli or PDO instead in /ext-ftp/h/hzyuser12/wwwroot/2/conn.php on line 2
[03-Jan-2019 11:23:48 PRC] PHP Deprecated:  mysql_connect(): The mysql extension is deprecated and will be removed in the future: use mysqli or PDO instead in /ext-ftp/h/hzyuser12/wwwroot/2/conn.php on line 2
[03-Jan-2019 11:24:37 PRC] PHP Deprecated:  mysql_connect(): The mysql extension is deprecated and will be removed in the future: use mysqli or PDO instead in /ext-ftp/h/hzyuser12/wwwroot/2/conn.php on line 2
[03-Jan-2019 11:24:37 PRC] PHP Deprecated:  mysql_connect(): The mysql extension is deprecated and will be removed in the future: use mysqli or PDO instead in /ext-ftp/h/hzyuser12/wwwroot/2/conn.php on line 2
[03-Jan-2019 11:24:57 PRC] PHP Deprecated:  mysql_connect(): The mysql extension is deprecated and will be removed in the future: use mysqli or PDO instead in /ext-ftp/h/hzyuser12/wwwroot/2/conn.php on line 2
[03-Jan-2019 11:25:52 PRC] PHP Deprecated:  mysql_connect(): The mysql extension is deprecated and will be removed in the future: use mysqli or PDO instead in /ext-ftp/h/hzyuser12/wwwroot/2/conn.php on line 2
[03-Jan-2019 11:25:57 PRC] PHP Deprecated:  mysql_connect(): The mysql extension is deprecated and will be removed in the future: use mysqli or PDO instead in /ext-ftp/h/hzyuser12/wwwroot/2/conn.php on line 2
[03-Jan-2019 11:26:00 PRC] PHP Deprecated:  mysql_connect(): The mysql extension is deprecated and will be removed in the future: use mysqli or PDO instead in /ext-ftp/h/hzyuser12/wwwroot/2/conn.php on line 2
[03-Jan-2019 11:26:04 PRC] PHP Deprecated:  mysql_connect(): The mysql extension is deprecated and will be removed in the future: use mysqli or PDO instead in /ext-ftp/h/hzyuser12/wwwroot/2/conn.php on line 2
[03-Jan-2019 11:26:07 PRC] PHP Deprecated:  mysql_connect(): The mysql extension is deprecated and will be removed in the future: use mysqli or PDO instead in /ext-ftp/h/hzyuser12/wwwroot/2/conn.php on line 2
[03-Jan-2019 11:26:11 PRC] PHP Deprecated:  mysql_connect(): The mysql extension is deprecated and will be removed in the future: use mysqli or PDO instead in /ext-ftp/h/hzyuser12/wwwroot/2/conn.php on line 2
[03-Jan-2019 11:27:04 PRC] PHP Deprecated:  mysql_connect(): The mysql extension is deprecated and will be removed in the future: use mysqli or PDO instead in /ext-ftp/h/hzyuser12/wwwroot/2/conn.php on line 2
[03-Jan-2019 11:27:11 PRC] PHP Deprecated:  mysql_connect(): The mysql extension is deprecated and will be removed in the future: use mysqli or PDO instead in /ext-ftp/h/hzyuser12/wwwroot/2/conn.php on line 2
[03-Jan-2019 11:27:50 PRC] PHP Deprecated:  mysql_connect(): The mysql extension is deprecated and will be removed in the future: use mysqli or PDO instead in /ext-ftp/h/hzyuser12/wwwroot/2/conn.php on line 2
[03-Jan-2019 11:27:58 PRC] PHP Deprecated:  mysql_connect(): The mysql extension is deprecated and will be removed in the future: use mysqli or PDO instead in /ext-ftp/h/hzyuser12/wwwroot/2/conn.php on line 2
[03-Jan-2019 11:28:15 PRC] PHP Deprecated:  mysql_connect(): The mysql extension is deprecated and will be removed in the future: use mysqli or PDO instead in /ext-ftp/h/hzyuser12/wwwroot/2/conn.php on line 2
[03-Jan-2019 11:28:24 PRC] PHP Deprecated:  mysql_connect(): The mysql extension is deprecated and will be removed in the future: use mysqli or PDO instead in /ext-ftp/h/hzyuser12/wwwroot/2/conn.php on line 2
[03-Jan-2019 11:29:03 PRC] PHP Deprecated:  mysql_connect(): The mysql extension is deprecated and will be removed in the future: use mysqli or PDO instead in /ext-ftp/h/hzyuser12/wwwroot/2/conn.php on line 2
[03-Jan-2019 11:29:55 PRC] PHP Deprecated:  mysql_connect(): The mysql extension is deprecated and will be removed in the future: use mysqli or PDO instead in /ext-ftp/h/hzyuser12/wwwroot/2/conn.php on line 2
[03-Jan-2019 11:30:17 PRC] PHP Deprecated:  mysql_connect(): The mysql extension is deprecated and will be removed in the future: use mysqli or PDO instead in /ext-ftp/h/hzyuser12/wwwroot/2/conn.php on line 2
[03-Jan-2019 11:30:22 PRC] PHP Deprecated:  mysql_connect(): The mysql extension is deprecated and will be removed in the future: use mysqli or PDO instead in /ext-ftp/h/hzyuser12/wwwroot/2/conn.php on line 2
[03-Jan-2019 11:30:56 PRC] PHP Deprecated:  mysql_connect(): The mysql extension is deprecated and will be removed in the future: use mysqli or PDO instead in /ext-ftp/h/hzyuser12/wwwroot/2/conn.php on line 2
[03-Jan-2019 11:33:48 PRC] PHP Deprecated:  mysql_connect(): The mysql extension is deprecated and will be removed in the future: use mysqli or PDO instead in /ext-ftp/h/hzyuser12/wwwroot/2/conn.php on line 2
[03-Jan-2019 11:36:03 PRC] PHP Deprecated:  mysql_connect(): The mysql extension is deprecated and will be removed in the future: use mysqli or PDO instead in /ext-ftp/h/hzyuser12/wwwroot/2/conn.php on line 2
[03-Jan-2019 11:36:13 PRC] PHP Deprecated:  mysql_connect(): The mysql extension is deprecated and will be removed in the future: use mysqli or PDO instead in /ext-ftp/h/hzyuser12/wwwroot/2/conn.php on line 2
[03-Jan-2019 11:36:53 PRC] PHP Deprecated:  mysql_connect(): The mysql extension is deprecated and will be removed in the future: use mysqli or PDO instead in /ext-ftp/h/hzyuser12/wwwroot/2/conn.php on line 2
[03-Jan-2019 11:38:27 PRC] PHP Deprecated:  mysql_connect(): The mysql extension is deprecated and will be removed in the future: use mysqli or PDO instead in /ext-ftp/h/hzyuser12/wwwroot/2/conn.php on line 2
[03-Jan-2019 11:41:58 PRC] PHP Deprecated:  mysql_connect(): The mysql extension is deprecated and will be removed in the future: use mysqli or PDO instead in /ext-ftp/h/hzyuser12/wwwroot/2/conn.php on line 2
[03-Jan-2019 11:43:04 PRC] PHP Deprecated:  mysql_connect(): The mysql extension is deprecated and will be removed in the future: use mysqli or PDO instead in /ext-ftp/h/hzyuser12/wwwroot/2/conn.php on line 2
[03-Jan-2019 11:46:37 PRC] PHP Deprecated:  mysql_connect(): The mysql extension is deprecated and will be removed in the future: use mysqli or PDO instead in /ext-ftp/h/hzyuser12/wwwroot/2/conn.php on line 2
[03-Jan-2019 11:52:07 PRC] PHP Deprecated:  mysql_connect(): The mysql extension is deprecated and will be removed in the future: use mysqli or PDO instead in /ext-ftp/h/hzyuser12/wwwroot/2/conn.php on line 2
[03-Jan-2019 11:52:13 PRC] PHP Deprecated:  mysql_connect(): The mysql extension is deprecated and will be removed in the future: use mysqli or PDO instead in /ext-ftp/h/hzyuser12/wwwroot/2/conn.php on line 2
[03-Jan-2019 11:52:33 PRC] PHP Deprecated:  mysql_connect(): The mysql extension is deprecated and will be removed in the future: use mysqli or PDO instead in /ext-ftp/h/hzyuser12/wwwroot/2/conn.php on line 2
[03-Jan-2019 11:52:49 PRC] PHP Deprecated:  mysql_connect(): The mysql extension is deprecated and will be removed in the future: use mysqli or PDO instead in /ext-ftp/h/hzyuser12/wwwroot/2/conn.php on line 2
[03-Jan-2019 11:53:06 PRC] PHP Deprecated:  mysql_connect(): The mysql extension is deprecated and will be removed in the future: use mysqli or PDO instead in /ext-ftp/h/hzyuser12/wwwroot/2/conn.php on line 2
[03-Jan-2019 11:53:09 PRC] PHP Deprecated:  mysql_connect(): The mysql extension is deprecated and will be removed in the future: use mysqli or PDO instead in /ext-ftp/h/hzyuser12/wwwroot/2/conn.php on line 2
[03-Jan-2019 11:53:13 PRC] PHP Deprecated:  mysql_connect(): The mysql extension is deprecated and will be removed in the future: use mysqli or PDO instead in /ext-ftp/h/hzyuser12/wwwroot/2/conn.php on line 2
[03-Jan-2019 11:54:34 PRC] PHP Deprecated:  mysql_connect(): The mysql extension is deprecated and will be removed in the future: use mysqli or PDO instead in /ext-ftp/h/hzyuser12/wwwroot/2/conn.php on line 2
[03-Jan-2019 11:54:40 PRC] PHP Deprecated:  mysql_connect(): The mysql extension is deprecated and will be removed in the future: use mysqli or PDO instead in /ext-ftp/h/hzyuser12/wwwroot/2/conn.php on line 2
[03-Jan-2019 11:54:46 PRC] PHP Deprecated:  mysql_connect(): The mysql extension is deprecated and will be removed in the future: use mysqli or PDO instead in /ext-ftp/h/hzyuser12/wwwroot/2/conn.php on line 2
[03-Jan-2019 11:54:50 PRC] PHP Deprecated:  mysql_connect(): The mysql extension is deprecated and will be removed in the future: use mysqli or PDO instead in /ext-ftp/h/hzyuser12/wwwroot/2/conn.php on line 2
[03-Jan-2019 11:54:52 PRC] PHP Deprecated:  mysql_connect(): The mysql extension is deprecated and will be removed in the future: use mysqli or PDO instead in /ext-ftp/h/hzyuser12/wwwroot/2/conn.php on line 2
[03-Jan-2019 12:02:38 PRC] PHP Deprecated:  mysql_connect(): The mysql extension is deprecated and will be removed in the future: use mysqli or PDO instead in /ext-ftp/h/hzyuser12/wwwroot/2/conn.php on line 2
[03-Jan-2019 12:02:43 PRC] PHP Deprecated:  mysql_connect(): The mysql extension is deprecated and will be removed in the future: use mysqli or PDO instead in /ext-ftp/h/hzyuser12/wwwroot/2/conn.php on line 2
[03-Jan-2019 12:02:44 PRC] PHP Deprecated:  mysql_connect(): The mysql extension is deprecated and will be removed in the future: use mysqli or PDO instead in /ext-ftp/h/hzyuser12/wwwroot/2/conn.php on line 2
[03-Jan-2019 12:03:01 PRC] PHP Deprecated:  mysql_connect(): The mysql extension is deprecated and will be removed in the future: use mysqli or PDO instead in /ext-ftp/h/hzyuser12/wwwroot/2/conn.php on line 2
[03-Jan-2019 12:03:06 PRC] PHP Deprecated:  mysql_connect(): The mysql extension is deprecated and will be removed in the future: use mysqli or PDO instead in /ext-ftp/h/hzyuser12/wwwroot/2/conn.php on line 2
[03-Jan-2019 12:03:46 PRC] PHP Deprecated:  mysql_connect(): The mysql extension is deprecated and will be removed in the future: use mysqli or PDO instead in /ext-ftp/h/hzyuser12/wwwroot/2/conn.php on line 2
[03-Jan-2019 12:03:50 PRC] PHP Deprecated:  mysql_connect(): The mysql extension is deprecated and will be removed in the future: use mysqli or PDO instead in /ext-ftp/h/hzyuser12/wwwroot/2/conn.php on line 2
[03-Jan-2019 12:03:52 PRC] PHP Deprecated:  mysql_connect(): The mysql extension is deprecated and will be removed in the future: use mysqli or PDO instead in /ext-ftp/h/hzyuser12/wwwroot/2/conn.php on line 2
[03-Jan-2019 12:04:50 PRC] PHP Deprecated:  mysql_connect(): The mysql extension is deprecated and will be removed in the future: use mysqli or PDO instead in /ext-ftp/h/hzyuser12/wwwroot/2/conn.php on line 2
[03-Jan-2019 12:08:44 PRC] PHP Deprecated:  mysql_connect(): The mysql extension is deprecated and will be removed in the future: use mysqli or PDO instead in /ext-ftp/h/hzyuser12/wwwroot/2/conn.php on line 2
[03-Jan-2019 12:09:08 PRC] PHP Deprecated:  mysql_connect(): The mysql extension is deprecated and will be removed in the future: use mysqli or PDO instead in /ext-ftp/h/hzyuser12/wwwroot/2/conn.php on line 2
[03-Jan-2019 12:10:05 PRC] PHP Deprecated:  mysql_connect(): The mysql extension is deprecated and will be removed in the future: use mysqli or PDO instead in /ext-ftp/h/hzyuser12/wwwroot/2/conn.php on line 2
[03-Jan-2019 12:10:32 PRC] PHP Deprecated:  mysql_connect(): The mysql extension is deprecated and will be removed in the future: use mysqli or PDO instead in /ext-ftp/h/hzyuser12/wwwroot/2/conn.php on line 2
[03-Jan-2019 12:10:39 PRC] PHP Deprecated:  mysql_connect(): The mysql extension is deprecated and will be removed in the future: use mysqli or PDO instead in /ext-ftp/h/hzyuser12/wwwroot/2/conn.php on line 2
[03-Jan-2019 12:10:50 PRC] PHP Deprecated:  mysql_connect(): The mysql extension is deprecated and will be removed in the future: use mysqli or PDO instead in /ext-ftp/h/hzyuser12/wwwroot/2/conn.php on line 2
[03-Jan-2019 12:11:15 PRC] PHP Deprecated:  mysql_connect(): The mysql extension is deprecated and will be removed in the future: use mysqli or PDO instead in /ext-ftp/h/hzyuser12/wwwroot/2/conn.php on line 2
[03-Jan-2019 12:11:36 PRC] PHP Deprecated:  mysql_connect(): The mysql extension is deprecated and will be removed in the future: use mysqli or PDO instead in /ext-ftp/h/hzyuser12/wwwroot/2/conn.php on line 2
[03-Jan-2019 12:14:34 PRC] PHP Deprecated:  mysql_connect(): The mysql extension is deprecated and will be removed in the future: use mysqli or PDO instead in /ext-ftp/h/hzyuser12/wwwroot/2/conn.php on line 2
[03-Jan-2019 12:14:57 PRC] PHP Deprecated:  mysql_connect(): The mysql extension is deprecated and will be removed in the future: use mysqli or PDO instead in /ext-ftp/h/hzyuser12/wwwroot/2/conn.php on line 2
[03-Jan-2019 12:17:56 PRC] PHP Deprecated:  mysql_connect(): The mysql extension is deprecated and will be removed in the future: use mysqli or PDO instead in /ext-ftp/h/hzyuser12/wwwroot/2/conn.php on line 2
[03-Jan-2019 12:24:02 PRC] PHP Deprecated:  mysql_connect(): The mysql extension is deprecated and will be removed in the future: use mysqli or PDO instead in /ext-ftp/h/hzyuser12/wwwroot/2/conn.php on line 2
[03-Jan-2019 12:24:41 PRC] PHP Deprecated:  mysql_connect(): The mysql extension is deprecated and will be removed in the future: use mysqli or PDO instead in /ext-ftp/h/hzyuser12/wwwroot/2/conn.php on line 2
[03-Jan-2019 12:32:33 PRC] PHP Deprecated:  mysql_connect(): The mysql extension is deprecated and will be removed in the future: use mysqli or PDO instead in /ext-ftp/h/hzyuser12/wwwroot/2/conn.php on line 2
[03-Jan-2019 12:35:09 PRC] PHP Deprecated:  mysql_connect(): The mysql extension is deprecated and will be removed in the future: use mysqli or PDO instead in /ext-ftp/h/hzyuser12/wwwroot/2/conn.php on line 2
[03-Jan-2019 12:35:10 PRC] PHP Deprecated:  mysql_connect(): The mysql extension is deprecated and will be removed in the future: use mysqli or PDO instead in /ext-ftp/h/hzyuser12/wwwroot/2/conn.php on line 2
[03-Jan-2019 12:40:05 PRC] PHP Deprecated:  mysql_connect(): The mysql extension is deprecated and will be removed in the future: use mysqli or PDO instead in /ext-ftp/h/hzyuser12/wwwroot/2/conn.php on line 2
[03-Jan-2019 12:52:56 PRC] PHP Deprecated:  mysql_connect(): The mysql extension is deprecated and will be removed in the future: use mysqli or PDO instead in /ext-ftp/h/hzyuser12/wwwroot/2/conn.php on line 2
[03-Jan-2019 12:53:28 PRC] PHP Deprecated:  mysql_connect(): The mysql extension is deprecated and will be removed in the future: use mysqli or PDO instead in /ext-ftp/h/hzyuser12/wwwroot/2/conn.php on line 2
[03-Jan-2019 12:59:09 PRC] PHP Deprecated:  mysql_connect(): The mysql extension is deprecated and will be removed in the future: use mysqli or PDO instead in /ext-ftp/h/hzyuser12/wwwroot/2/conn.php on line 2
[03-Jan-2019 14:27:51 PRC] PHP Deprecated:  mysql_connect(): The mysql extension is deprecated and will be removed in the future: use mysqli or PDO instead in /ext-ftp/h/hzyuser12/wwwroot/2/conn.php on line 2
[03-Jan-2019 14:29:45 PRC] PHP Deprecated:  mysql_connect(): The mysql extension is deprecated and will be removed in the future: use mysqli or PDO instead in /ext-ftp/h/hzyuser12/wwwroot/2/conn.php on line 2
[03-Jan-2019 14:29:50 PRC] PHP Deprecated:  mysql_connect(): The mysql extension is deprecated and will be removed in the future: use mysqli or PDO instead in /ext-ftp/h/hzyuser12/wwwroot/2/conn.php on line 2
[03-Jan-2019 14:29:54 PRC] PHP Deprecated:  mysql_connect(): The mysql extension is deprecated and will be removed in the future: use mysqli or PDO instead in /ext-ftp/h/hzyuser12/wwwroot/2/conn.php on line 2
[03-Jan-2019 14:30:02 PRC] PHP Deprecated:  mysql_connect(): The mysql extension is deprecated and will be removed in the future: use mysqli or PDO instead in /ext-ftp/h/hzyuser12/wwwroot/2/conn.php on line 2
[03-Jan-2019 14:30:48 PRC] PHP Deprecated:  mysql_connect(): The mysql extension is deprecated and will be removed in the future: use mysqli or PDO instead in /ext-ftp/h/hzyuser12/wwwroot/2/conn.php on line 2
[03-Jan-2019 16:45:39 PRC] PHP Deprecated:  mysql_connect(): The mysql extension is deprecated and will be removed in the future: use mysqli or PDO instead in /ext-ftp/h/hzyuser12/wwwroot/2/conn.php on line 2
[03-Jan-2019 19:05:10 PRC] PHP Deprecated:  mysql_connect(): The mysql extension is deprecated and will be removed in the future: use mysqli or PDO instead in /ext-ftp/h/hzyuser12/wwwroot/2/conn.php on line 2
[03-Jan-2019 19:05:37 PRC] PHP Deprecated:  mysql_connect(): The mysql extension is deprecated and will be removed in the future: use mysqli or PDO instead in /ext-ftp/h/hzyuser12/wwwroot/2/conn.php on line 2
[03-Jan-2019 19:05:43 PRC] PHP Deprecated:  mysql_connect(): The mysql extension is deprecated and will be removed in the future: use mysqli or PDO instead in /ext-ftp/h/hzyuser12/wwwroot/2/conn.php on line 2
[03-Jan-2019 19:06:26 PRC] PHP Deprecated:  mysql_connect(): The mysql extension is deprecated and will be removed in the future: use mysqli or PDO instead in /ext-ftp/h/hzyuser12/wwwroot/2/conn.php on line 2
[03-Jan-2019 19:06:33 PRC] PHP Deprecated:  mysql_connect(): The mysql extension is deprecated and will be removed in the future: use mysqli or PDO instead in /ext-ftp/h/hzyuser12/wwwroot/2/conn.php on line 2
[03-Jan-2019 19:06:43 PRC] PHP Deprecated:  mysql_connect(): The mysql extension is deprecated and will be removed in the future: use mysqli or PDO instead in /ext-ftp/h/hzyuser12/wwwroot/2/conn.php on line 2
[03-Jan-2019 19:06:45 PRC] PHP Deprecated:  mysql_connect(): The mysql extension is deprecated and will be removed in the future: use mysqli or PDO instead in /ext-ftp/h/hzyuser12/wwwroot/2/conn.php on line 2
[03-Jan-2019 19:07:12 PRC] PHP Deprecated:  mysql_connect(): The mysql extension is deprecated and will be removed in the future: use mysqli or PDO instead in /ext-ftp/h/hzyuser12/wwwroot/2/conn.php on line 2
[03-Jan-2019 19:07:26 PRC] PHP Deprecated:  mysql_connect(): The mysql extension is deprecated and will be removed in the future: use mysqli or PDO instead in /ext-ftp/h/hzyuser12/wwwroot/2/conn.php on line 2
[03-Jan-2019 19:07:33 PRC] PHP Deprecated:  mysql_connect(): The mysql extension is deprecated and will be removed in the future: use mysqli or PDO instead in /ext-ftp/h/hzyuser12/wwwroot/2/conn.php on line 2
[03-Jan-2019 19:07:45 PRC] PHP Deprecated:  mysql_connect(): The mysql extension is deprecated and will be removed in the future: use mysqli or PDO instead in /ext-ftp/h/hzyuser12/wwwroot/2/conn.php on line 2
[03-Jan-2019 19:08:44 PRC] PHP Deprecated:  mysql_connect(): The mysql extension is deprecated and will be removed in the future: use mysqli or PDO instead in /ext-ftp/h/hzyuser12/wwwroot/2/conn.php on line 2
[04-Jan-2019 19:03:48 PRC] PHP Deprecated:  mysql_connect(): The mysql extension is deprecated and will be removed in the future: use mysqli or PDO instead in /ext-ftp/h/hzyuser12/wwwroot/2/conn.php on line 2
[04-Jan-2019 19:03:53 PRC] PHP Deprecated:  mysql_connect(): The mysql extension is deprecated and will be removed in the future: use mysqli or PDO instead in /ext-ftp/h/hzyuser12/wwwroot/2/conn.php on line 2
[04-Jan-2019 20:54:57 PRC] PHP Deprecated:  mysql_connect(): The mysql extension is deprecated and will be removed in the future: use mysqli or PDO instead in /ext-ftp/h/hzyuser12/wwwroot/2/conn.php on line 2
[05-Jan-2019 11:40:37 PRC] PHP Deprecated:  mysql_connect(): The mysql extension is deprecated and will be removed in the future: use mysqli or PDO instead in /ext-ftp/h/hzyuser12/wwwroot/2/conn.php on line 2
[05-Jan-2019 16:48:29 PRC] PHP Deprecated:  mysql_connect(): The mysql extension is deprecated and will be removed in the future: use mysqli or PDO instead in /ext-ftp/h/hzyuser12/wwwroot/2/conn.php on line 2
[05-Jan-2019 17:45:50 PRC] PHP Deprecated:  mysql_connect(): The mysql extension is deprecated and will be removed in the future: use mysqli or PDO instead in /ext-ftp/h/hzyuser12/wwwroot/2/conn.php on line 2
[05-Jan-2019 17:46:15 PRC] PHP Deprecated:  mysql_connect(): The mysql extension is deprecated and will be removed in the future: use mysqli or PDO instead in /ext-ftp/h/hzyuser12/wwwroot/2/conn.php on line 2
[05-Jan-2019 17:46:47 PRC] PHP Deprecated:  mysql_connect(): The mysql extension is deprecated and will be removed in the future: use mysqli or PDO instead in /ext-ftp/h/hzyuser12/wwwroot/2/conn.php on line 2
[05-Jan-2019 17:46:53 PRC] PHP Deprecated:  mysql_connect(): The mysql extension is deprecated and will be removed in the future: use mysqli or PDO instead in /ext-ftp/h/hzyuser12/wwwroot/2/conn.php on line 2
[05-Jan-2019 18:41:03 PRC] PHP Deprecated:  mysql_connect(): The mysql extension is deprecated and will be removed in the future: use mysqli or PDO instead in /ext-ftp/h/hzyuser12/wwwroot/2/conn.php on line 2
[05-Jan-2019 20:03:57 PRC] PHP Deprecated:  mysql_connect(): The mysql extension is deprecated and will be removed in the future: use mysqli or PDO instead in /ext-ftp/h/hzyuser12/wwwroot/2/conn.php on line 2
[05-Jan-2019 20:04:25 PRC] PHP Deprecated:  mysql_connect(): The mysql extension is deprecated and will be removed in the future: use mysqli or PDO instead in /ext-ftp/h/hzyuser12/wwwroot/2/conn.php on line 2
[05-Jan-2019 20:04:51 PRC] PHP Deprecated:  mysql_connect(): The mysql extension is deprecated and will be removed in the future: use mysqli or PDO instead in /ext-ftp/h/hzyuser12/wwwroot/2/conn.php on line 2
[05-Jan-2019 20:05:27 PRC] PHP Deprecated:  mysql_connect(): The mysql extension is deprecated and will be removed in the future: use mysqli or PDO instead in /ext-ftp/h/hzyuser12/wwwroot/2/conn.php on line 2
[05-Jan-2019 23:35:08 PRC] PHP Deprecated:  mysql_connect(): The mysql extension is deprecated and will be removed in the future: use mysqli or PDO instead in /ext-ftp/h/hzyuser12/wwwroot/2/conn.php on line 2
[07-Jan-2019 08:09:09 PRC] PHP Deprecated:  mysql_connect(): The mysql extension is deprecated and will be removed in the future: use mysqli or PDO instead in /ext-ftp/h/hzyuser12/wwwroot/2/conn.php on line 2
[07-Jan-2019 08:16:58 PRC] PHP Deprecated:  mysql_connect(): The mysql extension is deprecated and will be removed in the future: use mysqli or PDO instead in /ext-ftp/h/hzyuser12/wwwroot/2/conn.php on line 2
[07-Jan-2019 08:17:25 PRC] PHP Deprecated:  mysql_connect(): The mysql extension is deprecated and will be removed in the future: use mysqli or PDO instead in /ext-ftp/h/hzyuser12/wwwroot/2/conn.php on line 2
[07-Jan-2019 08:43:51 PRC] PHP Deprecated:  mysql_connect(): The mysql extension is deprecated and will be removed in the future: use mysqli or PDO instead in /ext-ftp/h/hzyuser12/wwwroot/2/conn.php on line 2
[07-Jan-2019 08:44:09 PRC] PHP Deprecated:  mysql_connect(): The mysql extension is deprecated and will be removed in the future: use mysqli or PDO instead in /ext-ftp/h/hzyuser12/wwwroot/2/conn.php on line 2
[07-Jan-2019 08:44:09 PRC] PHP Deprecated:  mysql_connect(): The mysql extension is deprecated and will be removed in the future: use mysqli or PDO instead in /ext-ftp/h/hzyuser12/wwwroot/2/conn.php on line 2
[07-Jan-2019 08:44:10 PRC] PHP Deprecated:  mysql_connect(): The mysql extension is deprecated and will be removed in the future: use mysqli or PDO instead in /ext-ftp/h/hzyuser12/wwwroot/2/conn.php on line 2
[07-Jan-2019 08:44:10 PRC] PHP Deprecated:  mysql_connect(): The mysql extension is deprecated and will be removed in the future: use mysqli or PDO instead in /ext-ftp/h/hzyuser12/wwwroot/2/conn.php on line 2
[07-Jan-2019 08:44:26 PRC] PHP Deprecated:  mysql_connect(): The mysql extension is deprecated and will be removed in the future: use mysqli or PDO instead in /ext-ftp/h/hzyuser12/wwwroot/2/conn.php on line 2
